<?xml version="1.0" encoding="UTF-8"?>
<testng-results ignored="0" total="1" passed="1" failed="0" skipped="0">
  <reporter-output>
  </reporter-output>
  <suite started-at="2024-04-10T16:27:10 IST" name="Default suite" finished-at="2024-04-10T16:27:24 IST" duration-ms="13302">
    <groups>
    </groups>
    <test started-at="2024-04-10T16:27:10 IST" name="Default test" finished-at="2024-04-10T16:27:24 IST" duration-ms="13302">
      <class name="Sonull.MSteamLogin">
        <test-method signature="login()[pri:0, instance:Sonull.MSteamLogin@413d1baf]" started-at="2024-04-10T16:27:10 IST" name="login" finished-at="2024-04-10T16:27:24 IST" duration-ms="13224" status="PASS">
          <reporter-output>
          </reporter-output>
        </test-method> <!-- login -->
      </class> <!-- Sonull.MSteamLogin -->
    </test> <!-- Default test -->
  </suite> <!-- Default suite -->
</testng-results>
